#
# There is insufficient memory for the Java Runtime Environment to continue.
# Native memory allocation (malloc) failed to allocate 1015856 bytes for Chunk::new
# Possible reasons:
#   The system is out of physical RAM or swap space
#   The process is running with CompressedOops enabled, and the Java Heap may be blocking the growth of the native heap
# Possible solutions:
#   Reduce memory load on the system
#   Increase physical memory or swap space
#   Check if swap backing store is full
#   Decrease Java heap size (-Xmx/-Xms)
#   Decrease number of Java threads
#   Decrease Java thread stack sizes (-Xss)
#   Set larger code cache with -XX:ReservedCodeCacheSize=
#   JVM is running with Unscaled Compressed Oops mode in which the Java heap is
#     placed in the first 4GB address space. The Java Heap base address is the
#     maximum limit for the native heap growth. Please use -XX:HeapBaseMinAddress
#     to set the Java Heap base and to place the Java Heap above 4GB virtual address.
# This output file may be truncated or incomplete.
#
#  Out of Memory Error (allocation.cpp:389), pid=14408, tid=0x0000000000003978
#
# JRE version: Java(TM) SE Runtime Environment (8.0_341-b10) (build 1.8.0_341-b10)
# Java VM: Java HotSpot(TM) 64-Bit Server VM (25.341-b10 mixed mode windows-amd64 compressed oops)
# Failed to write core dump. Minidumps are not enabled by default on client versions of Windows
#

---------------  T H R E A D  ---------------

Current thread (0x0000019ce7fe5800):  JavaThread "C2 CompilerThread0" daemon [_thread_in_native, id=14712, stack(0x0000000ad6700000,0x0000000ad6800000)]

Stack: [0x0000000ad6700000,0x0000000ad6800000]
Native frames: (J=compiled Java code, j=interpreted, Vv=VM code, C=native code)
V  [jvm.dll+0x32fa99]
V  [jvm.dll+0x275ff2]
V  [jvm.dll+0x276c9d]
V  [jvm.dll+0x26d645]
V  [jvm.dll+0xd583c]
V  [jvm.dll+0xd603c]
V  [jvm.dll+0x453fe2]
V  [jvm.dll+0x48f09d]
V  [jvm.dll+0x443599]
V  [jvm.dll+0x440e1b]
V  [jvm.dll+0x42bceb]
V  [jvm.dll+0xac68b]
V  [jvm.dll+0xaaceb]
V  [jvm.dll+0x23e542]
V  [jvm.dll+0x292d2c]
C  [ucrtbase.dll+0x21bb2]
C  [KERNEL32.DLL+0x17604]
C  [ntdll.dll+0x526a1]


Current CompileTask:
C2:   3670 2487   !   4       java.net.URLClassLoader$1::run (81 bytes)


---------------  P R O C E S S  ---------------

Java Threads: ( => current thread )
  0x0000019ce8047800 JavaThread "Service Thread" daemon [_thread_blocked, id=10352, stack(0x0000000ad6a00000,0x0000000ad6b00000)]
  0x0000019ce7ff1800 JavaThread "C1 CompilerThread2" daemon [_thread_in_native, id=6568, stack(0x0000000ad6900000,0x0000000ad6a00000)]
  0x0000019ce7ff1000 JavaThread "C2 CompilerThread1" daemon [_thread_in_native, id=1932, stack(0x0000000ad6800000,0x0000000ad6900000)]
=>0x0000019ce7fe5800 JavaThread "C2 CompilerThread0" daemon [_thread_in_native, id=14712, stack(0x0000000ad6700000,0x0000000ad6800000)]
  0x0000019ce7fd4800 JavaThread "JDWP Command Reader" daemon [_thread_in_native, id=12996, stack(0x0000000ad6600000,0x0000000ad6700000)]
  0x0000019ce7fd0800 JavaThread "JDWP Event Helper Thread" daemon [_thread_blocked, id=8476, stack(0x0000000ad6500000,0x0000000ad6600000)]
  0x0000019ce7fcc800 JavaThread "JDWP Transport Listener: dt_socket" daemon [_thread_blocked, id=13516, stack(0x0000000ad6400000,0x0000000ad6500000)]
  0x0000019ce7fb9000 JavaThread "Attach Listener" daemon [_thread_blocked, id=1488, stack(0x0000000ad6300000,0x0000000ad6400000)]
  0x0000019ce7fb8800 JavaThread "Signal Dispatcher" daemon [_thread_blocked, id=13424, stack(0x0000000ad6200000,0x0000000ad6300000)]
  0x0000019ce7f8f800 JavaThread "Finalizer" daemon [_thread_blocked, id=5732, stack(0x0000000ad6100000,0x0000000ad6200000)]
  0x0000019ce7f88000 JavaThread "Reference Handler" daemon [_thread_blocked, id=11520, stack(0x0000000ad6000000,0x0000000ad6100000)]
  0x0000019cd1dd9800 JavaThread "main" [_thread_in_Java, id=15080, stack(0x0000000ad5800000,0x0000000ad5900000)]

Other Threads:
  0x0000019ce7f5e800 VMThread [stack: 0x0000000ad5f00000,0x0000000ad6000000] [id=576]
  0x0000019ce806d800 WatcherThread [stack: 0x0000000ad6b00000,0x0000000ad6c00000] [id=11932]

VM state:not at safepoint (normal execution)

VM Mutex/Monitor currently owned by a thread: None

heap address: 0x0000000081e00000, size: 2018 MB, Compressed Oops mode: 32-bit
Narrow klass base: 0x0000000000000000, Narrow klass shift: 3
Compressed class space size: 1073741824 Address: 0x0000000100000000

Heap:
 PSYoungGen      total 107520K, used 11316K [0x00000000d5f80000, 0x00000000df000000, 0x0000000100000000)
  eden space 100864K, 4% used [0x00000000d5f80000,0x00000000d6439128,0x00000000dc200000)
  from space 6656K, 97% used [0x00000000de980000,0x00000000defd3f50,0x00000000df000000)
  to   space 8192K, 0% used [0x00000000de000000,0x00000000de000000,0x00000000de800000)
 ParOldGen       total 57344K, used 6428K [0x0000000081e00000, 0x0000000085600000, 0x00000000d5f80000)
  object space 57344K, 11% used [0x0000000081e00000,0x0000000082447300,0x0000000085600000)
 Metaspace       used 24732K, capacity 25934K, committed 26240K, reserved 1073152K
  class space    used 3079K, capacity 3343K, committed 3456K, reserved 1048576K

Card table byte_map: [0x0000019ce2b80000,0x0000019ce2f80000] byte_map_base: 0x0000019ce2771000

Marking Bits: (ParMarkBitMap*) 0x00000000551f9030
 Begin Bits: [0x0000019ce3230000, 0x0000019ce51b8000)
 End Bits:   [0x0000019ce51b8000, 0x0000019ce7140000)

Polling page: 0x0000019cd3790000

CodeCache: size=245760Kb used=9038Kb max_used=9038Kb free=236721Kb
 bounds [0x0000019cd37c0000, 0x0000019cd40a0000, 0x0000019ce27c0000]
 total_blobs=2901 nmethods=2534 adapters=287
 compilation: enabled

Compilation events (10 events):
Event: 3.560 Thread 0x0000019ce7ff1800 2497   !   3       sun.instrument.TransformerManager::transform (98 bytes)
Event: 3.560 Thread 0x0000019ce7ff1800 nmethod 2497 0x0000019cd4054010 code [0x0000019cd40541a0, 0x0000019cd4054670]
Event: 3.564 Thread 0x0000019ce7ff1800 2498       3       org.springframework.asm.Type::getType (10 bytes)
Event: 3.564 Thread 0x0000019ce7ff1800 nmethod 2498 0x0000019cd4060890 code [0x0000019cd4060a00, 0x0000019cd4060c70]
Event: 3.584 Thread 0x0000019ce7ff1000 2499   !   4       java.util.concurrent.ConcurrentHashMap::putVal (362 bytes)
Event: 3.601 Thread 0x0000019ce7ff1000 nmethod 2499 0x0000019cd405b550 code [0x0000019cd405b700, 0x0000019cd405c4c0]
Event: 3.601 Thread 0x0000019ce7ff1000 2500   !   4       java.lang.ref.Reference::tryHandlePending (115 bytes)
Event: 3.605 Thread 0x0000019ce7ff1000 nmethod 2500 0x0000019cd406a850 code [0x0000019cd406aa00, 0x0000019cd406b4c8]
Event: 3.605 Thread 0x0000019ce7ff1000 2501   !   4       java.lang.ref.ReferenceQueue::enqueue (119 bytes)
Event: 3.608 Thread 0x0000019ce7ff1000 nmethod 2501 0x0000019cd406ba50 code [0x0000019cd406bbc0, 0x0000019cd406c188]

GC Heap History (10 events):
Event: 2.051 GC heap before
{Heap before GC invocations=3 (full 0):
 PSYoungGen      total 38400K, used 38289K [0x00000000d5f80000, 0x00000000d8a00000, 0x0000000100000000)
  eden space 33280K, 100% used [0x00000000d5f80000,0x00000000d8000000,0x00000000d8000000)
  from space 5120K, 97% used [0x00000000d8500000,0x00000000d89e44e0,0x00000000d8a00000)
  to   space 5120K, 0% used [0x00000000d8000000,0x00000000d8000000,0x00000000d8500000)
 ParOldGen       total 87552K, used 24K [0x0000000081e00000, 0x0000000087380000, 0x00000000d5f80000)
  object space 87552K, 0% used [0x0000000081e00000,0x0000000081e06000,0x0000000087380000)
 Metaspace       used 15923K, capacity 16572K, committed 16768K, reserved 1064960K
  class space    used 1910K, capacity 2072K, committed 2176K, reserved 1048576K
Event: 2.058 GC heap after
Heap after GC invocations=3 (full 0):
 PSYoungGen      total 38400K, used 5103K [0x00000000d5f80000, 0x00000000daa80000, 0x0000000100000000)
  eden space 33280K, 0% used [0x00000000d5f80000,0x00000000d5f80000,0x00000000d8000000)
  from space 5120K, 99% used [0x00000000d8000000,0x00000000d84fbf50,0x00000000d8500000)
  to   space 5120K, 0% used [0x00000000da580000,0x00000000da580000,0x00000000daa80000)
 ParOldGen       total 87552K, used 1484K [0x0000000081e00000, 0x0000000087380000, 0x00000000d5f80000)
  object space 87552K, 1% used [0x0000000081e00000,0x0000000081f73078,0x0000000087380000)
 Metaspace       used 15923K, capacity 16572K, committed 16768K, reserved 1064960K
  class space    used 1910K, capacity 2072K, committed 2176K, reserved 1048576K
}
Event: 2.328 GC heap before
{Heap before GC invocations=4 (full 0):
 PSYoungGen      total 38400K, used 38383K [0x00000000d5f80000, 0x00000000daa80000, 0x0000000100000000)
  eden space 33280K, 100% used [0x00000000d5f80000,0x00000000d8000000,0x00000000d8000000)
  from space 5120K, 99% used [0x00000000d8000000,0x00000000d84fbf50,0x00000000d8500000)
  to   space 5120K, 0% used [0x00000000da580000,0x00000000da580000,0x00000000daa80000)
 ParOldGen       total 87552K, used 1484K [0x0000000081e00000, 0x0000000087380000, 0x00000000d5f80000)
  object space 87552K, 1% used [0x0000000081e00000,0x0000000081f73078,0x0000000087380000)
 Metaspace       used 19114K, capacity 19936K, committed 19968K, reserved 1067008K
  class space    used 2353K, capacity 2548K, committed 2560K, reserved 1048576K
Event: 2.339 GC heap after
Heap after GC invocations=4 (full 0):
 PSYoungGen      total 71680K, used 5090K [0x00000000d5f80000, 0x00000000daa80000, 0x0000000100000000)
  eden space 66560K, 0% used [0x00000000d5f80000,0x00000000d5f80000,0x00000000da080000)
  from space 5120K, 99% used [0x00000000da580000,0x00000000daa78a80,0x00000000daa80000)
  to   space 5120K, 0% used [0x00000000da080000,0x00000000da080000,0x00000000da580000)
 ParOldGen       total 87552K, used 3164K [0x0000000081e00000, 0x0000000087380000, 0x00000000d5f80000)
  object space 87552K, 3% used [0x0000000081e00000,0x0000000082117398,0x0000000087380000)
 Metaspace       used 19114K, capacity 19936K, committed 19968K, reserved 1067008K
  class space    used 2353K, capacity 2548K, committed 2560K, reserved 1048576K
}
Event: 2.618 GC heap before
{Heap before GC invocations=5 (full 0):
 PSYoungGen      total 71680K, used 26417K [0x00000000d5f80000, 0x00000000daa80000, 0x0000000100000000)
  eden space 66560K, 32% used [0x00000000d5f80000,0x00000000d7453c00,0x00000000da080000)
  from space 5120K, 99% used [0x00000000da580000,0x00000000daa78a80,0x00000000daa80000)
  to   space 5120K, 0% used [0x00000000da080000,0x00000000da080000,0x00000000da580000)
 ParOldGen       total 87552K, used 3164K [0x0000000081e00000, 0x0000000087380000, 0x00000000d5f80000)
  object space 87552K, 3% used [0x0000000081e00000,0x0000000082117398,0x0000000087380000)
 Metaspace       used 20353K, capacity 21214K, committed 21296K, reserved 1069056K
  class space    used 2503K, capacity 2681K, committed 2688K, reserved 1048576K
Event: 2.626 GC heap after
Heap after GC invocations=5 (full 0):
 PSYoungGen      total 71680K, used 5100K [0x00000000d5f80000, 0x00000000df180000, 0x0000000100000000)
  eden space 66560K, 0% used [0x00000000d5f80000,0x00000000d5f80000,0x00000000da080000)
  from space 5120K, 99% used [0x00000000da080000,0x00000000da57b240,0x00000000da580000)
  to   space 8192K, 0% used [0x00000000de980000,0x00000000de980000,0x00000000df180000)
 ParOldGen       total 87552K, used 4555K [0x0000000081e00000, 0x0000000087380000, 0x00000000d5f80000)
  object space 87552K, 5% used [0x0000000081e00000,0x0000000082272e78,0x0000000087380000)
 Metaspace       used 20353K, capacity 21214K, committed 21296K, reserved 1069056K
  class space    used 2503K, capacity 2681K, committed 2688K, reserved 1048576K
}
Event: 2.626 GC heap before
{Heap before GC invocations=6 (full 1):
 PSYoungGen      total 71680K, used 5100K [0x00000000d5f80000, 0x00000000df180000, 0x0000000100000000)
  eden space 66560K, 0% used [0x00000000d5f80000,0x00000000d5f80000,0x00000000da080000)
  from space 5120K, 99% used [0x00000000da080000,0x00000000da57b240,0x00000000da580000)
  to   space 8192K, 0% used [0x00000000de980000,0x00000000de980000,0x00000000df180000)
 ParOldGen       total 87552K, used 4555K [0x0000000081e00000, 0x0000000087380000, 0x00000000d5f80000)
  object space 87552K, 5% used [0x0000000081e00000,0x0000000082272e78,0x0000000087380000)
 Metaspace       used 20353K, capacity 21214K, committed 21296K, reserved 1069056K
  class space    used 2503K, capacity 2681K, committed 2688K, reserved 1048576K
Event: 2.678 GC heap after
Heap after GC invocations=6 (full 1):
 PSYoungGen      total 71680K, used 0K [0x00000000d5f80000, 0x00000000df180000, 0x0000000100000000)
  eden space 66560K, 0% used [0x00000000d5f80000,0x00000000d5f80000,0x00000000da080000)
  from space 5120K, 0% used [0x00000000da080000,0x00000000da080000,0x00000000da580000)
  to   space 8192K, 0% used [0x00000000de980000,0x00000000de980000,0x00000000df180000)
 ParOldGen       total 57344K, used 6420K [0x0000000081e00000, 0x0000000085600000, 0x00000000d5f80000)
  object space 57344K, 11% used [0x0000000081e00000,0x0000000082445300,0x0000000085600000)
 Metaspace       used 20353K, capacity 21214K, committed 21296K, reserved 1069056K
  class space    used 2503K, capacity 2681K, committed 2688K, reserved 1048576K
}
Event: 3.591 GC heap before
{Heap before GC invocations=7 (full 1):
 PSYoungGen      total 71680K, used 66560K [0x00000000d5f80000, 0x00000000df180000, 0x0000000100000000)
  eden space 66560K, 100% used [0x00000000d5f80000,0x00000000da080000,0x00000000da080000)
  from space 5120K, 0% used [0x00000000da080000,0x00000000da080000,0x00000000da580000)
  to   space 8192K, 0% used [0x00000000de980000,0x00000000de980000,0x00000000df180000)
 ParOldGen       total 57344K, used 6420K [0x0000000081e00000, 0x0000000085600000, 0x00000000d5f80000)
  object space 57344K, 11% used [0x0000000081e00000,0x0000000082445300,0x0000000085600000)
 Metaspace       used 24340K, capacity 25532K, committed 25600K, reserved 1071104K
  class space    used 3033K, capacity 3276K, committed 3328K, reserved 1048576K
Event: 3.600 GC heap after
Heap after GC invocations=7 (full 1):
 PSYoungGen      total 107520K, used 6479K [0x00000000d5f80000, 0x00000000df000000, 0x0000000100000000)
  eden space 100864K, 0% used [0x00000000d5f80000,0x00000000d5f80000,0x00000000dc200000)
  from space 6656K, 97% used [0x00000000de980000,0x00000000defd3f50,0x00000000df000000)
  to   space 8192K, 0% used [0x00000000de000000,0x00000000de000000,0x00000000de800000)
 ParOldGen       total 57344K, used 6428K [0x0000000081e00000, 0x0000000085600000, 0x00000000d5f80000)
  object space 57344K, 11% used [0x0000000081e00000,0x0000000082447300,0x0000000085600000)
 Metaspace       used 24340K, capacity 25532K, committed 25600K, reserved 1071104K
  class space    used 3033K, capacity 3276K, committed 3328K, reserved 1048576K
}

Deoptimization events (10 events):
Event: 3.197 Thread 0x0000019cd1dd9800 Uncommon trap: reason=unstable_if action=reinterpret pc=0x0000019cd3dd83cc method=java.util.Arrays.equals([Ljava/lang/Object;[Ljava/lang/Object;)Z @ 65
Event: 3.270 Thread 0x0000019cd1dd9800 Uncommon trap: reason=unstable_if action=reinterpret pc=0x0000019cd3f85620 method=org.springframework.beans.factory.support.AbstractBeanFactory.isFactoryBean(Ljava/lang/String;Lorg/springframework/beans/factory/support/RootBeanDefinition;)Z @ 38
Event: 3.319 Thread 0x0000019cd1dd9800 Uncommon trap: reason=unstable_if action=reinterpret pc=0x0000019cd3f5bc28 method=org.springframework.beans.factory.support.AbstractBeanFactory.getMergedLocalBeanDefinition(Ljava/lang/String;)Lorg/springframework/beans/factory/support/RootBeanDefinition; 
Event: 3.340 Thread 0x0000019cd1dd9800 Uncommon trap: reason=class_check action=maybe_recompile pc=0x0000019cd3ea44e8 method=org.springframework.util.ConcurrentReferenceHashMap$Segment.findInChain(Lorg/springframework/util/ConcurrentReferenceHashMap$Reference;Ljava/lang/Object;I)Lorg/springfra
Event: 3.357 Thread 0x0000019cd1dd9800 Uncommon trap: reason=class_check action=maybe_recompile pc=0x0000019cd3ea44e8 method=org.springframework.util.ConcurrentReferenceHashMap$Segment.findInChain(Lorg/springframework/util/ConcurrentReferenceHashMap$Reference;Ljava/lang/Object;I)Lorg/springfra
Event: 3.360 Thread 0x0000019cd1dd9800 Uncommon trap: reason=class_check action=maybe_recompile pc=0x0000019cd3ea44e8 method=org.springframework.util.ConcurrentReferenceHashMap$Segment.findInChain(Lorg/springframework/util/ConcurrentReferenceHashMap$Reference;Ljava/lang/Object;I)Lorg/springfra
Event: 3.363 Thread 0x0000019cd1dd9800 Uncommon trap: reason=class_check action=maybe_recompile pc=0x0000019cd3ea44e8 method=org.springframework.util.ConcurrentReferenceHashMap$Segment.findInChain(Lorg/springframework/util/ConcurrentReferenceHashMap$Reference;Ljava/lang/Object;I)Lorg/springfra
Event: 3.387 Thread 0x0000019cd1dd9800 Uncommon trap: reason=unstable_if action=reinterpret pc=0x0000019cd3fd992c method=org.springframework.beans.factory.support.AbstractBeanFactory.isTypeMatch(Ljava/lang/String;Lorg/springframework/core/ResolvableType;Z)Z @ 466
Event: 3.518 Thread 0x0000019cd1dd9800 Uncommon trap: reason=unstable_if action=reinterpret pc=0x0000019cd401ee18 method=org.springframework.core.ResolvableType$1.isAssignableFrom(Ljava/lang/Class;)Z @ 15
Event: 3.549 Thread 0x0000019cd1dd9800 Uncommon trap: reason=unstable_if action=reinterpret pc=0x0000019cd3c8b3d8 method=com.intellij.rt.debugger.agent.CaptureAgent$CaptureTransformer.transform(Ljava/lang/ClassLoader;Ljava/lang/String;Ljava/lang/Class;Ljava/security/ProtectionDomain;[B)[B @ 36

Classes redefined (0 events):
No events

Internal exceptions (10 events):
Event: 2.183 Thread 0x0000019cd1dd9800 Exception <a 'java/lang/ClassNotFoundException': org/springframework/beans/factory/BeanClassLoaderAwareCustomizer> (0x00000000d73a58c0) thrown at [C:\jenkins\workspace\8-2-build-windows-x64-cygwin\jdk8u341\2692\hotspot\src\share\vm\classfile\systemDiction
Event: 2.184 Thread 0x0000019cd1dd9800 Exception <a 'java/lang/ClassNotFoundException': org/springframework/beans/factory/AwareCustomizer> (0x00000000d73fa4b8) thrown at [C:\jenkins\workspace\8-2-build-windows-x64-cygwin\jdk8u341\2692\hotspot\src\share\vm\classfile\systemDictionary.cpp, line 2
Event: 2.184 Thread 0x0000019cd1dd9800 Exception <a 'java/lang/ClassNotFoundException': org/springframework/context/EnvironmentAwareCustomizer> (0x00000000d7410760) thrown at [C:\jenkins\workspace\8-2-build-windows-x64-cygwin\jdk8u341\2692\hotspot\src\share\vm\classfile\systemDictionary.cpp, l
Event: 2.185 Thread 0x0000019cd1dd9800 Exception <a 'java/lang/ClassNotFoundException': org/springframework/beans/factory/AwareCustomizer> (0x00000000d7426338) thrown at [C:\jenkins\workspace\8-2-build-windows-x64-cygwin\jdk8u341\2692\hotspot\src\share\vm\classfile\systemDictionary.cpp, line 2
Event: 2.305 Thread 0x0000019cea58f800 Exception <a 'java/lang/IncompatibleClassChangeError': Found class java.lang.Object, but interface was expected> (0x00000000d7ed31c0) thrown at [C:\jenkins\workspace\8-2-build-windows-x64-cygwin\jdk8u341\2692\hotspot\src\share\vm\interpreter\linkResolver.
Event: 2.412 Thread 0x0000019cd1dd9800 Exception <a 'java/lang/NoSuchMethodError': java.lang.Object.lambda$or$2(Ljava/util/function/Predicate;Ljava/lang/Object;)Z> (0x00000000d622c638) thrown at [C:\jenkins\workspace\8-2-build-windows-x64-cygwin\jdk8u341\2692\hotspot\src\share\vm\interpreter\l
Event: 2.536 Thread 0x0000019cd1dd9800 Exception <a 'java/lang/IncompatibleClassChangeError': Found class java.lang.Object, but interface was expected> (0x00000000d6ee7cb8) thrown at [C:\jenkins\workspace\8-2-build-windows-x64-cygwin\jdk8u341\2692\hotspot\src\share\vm\interpreter\linkResolver.
Event: 2.573 Thread 0x0000019cd1dd9800 Exception <a 'java/lang/NoSuchMethodError': java.lang.Object.lambda$getAllAnnotationAttributes$0(Lorg/springframework/util/MultiValueMap;)Lorg/springframework/util/MultiValueMap;> (0x00000000d710ef60) thrown at [C:\jenkins\workspace\8-2-build-windows-x64-
Event: 2.575 Thread 0x0000019cd1dd9800 Exception <a 'java/lang/NoSuchMethodError': java.lang.Object.lambda$identity$2(Ljava/lang/Object;)Ljava/lang/Object;> (0x00000000d712ade0) thrown at [C:\jenkins\workspace\8-2-build-windows-x64-cygwin\jdk8u341\2692\hotspot\src\share\vm\interpreter\linkReso
Event: 3.304 Thread 0x0000019cd1dd9800 Exception <a 'java/lang/NoSuchMethodError': java.lang.Object.lambda$getRequiredAttribute$0(Ljava/lang/String;)Ljava/lang/IllegalArgumentException;> (0x00000000d8c63b90) thrown at [C:\jenkins\workspace\8-2-build-windows-x64-cygwin\jdk8u341\2692\hotspot\src

Events (10 events):
Event: 3.602 loading class org/springframework/asm/Label
Event: 3.602 loading class org/springframework/asm/Label done
Event: 3.603 loading class org/springframework/cglib/core/EmitUtils$ParameterTyper
Event: 3.603 loading class org/springframework/cglib/core/EmitUtils$ParameterTyper done
Event: 3.606 loading class org/springframework/cglib/core/EmitUtils$ArrayDelimiters
Event: 3.606 loading class org/springframework/cglib/core/EmitUtils$ArrayDelimiters done
Event: 3.607 loading class org/springframework/asm/Frame
Event: 3.607 loading class org/springframework/asm/Frame done
Event: 3.608 loading class org/springframework/asm/CurrentFrame
Event: 3.608 loading class org/springframework/asm/CurrentFrame done


Dynamic libraries:
0x00007ff719060000 - 0x00007ff7190a7000 	C:\Program Files\Java\jdk1.8.0_341\bin\java.exe
0x00007fff50d70000 - 0x00007fff50f68000 	C:\Windows\SYSTEM32\ntdll.dll
0x00007fff502f0000 - 0x00007fff503af000 	C:\Windows\System32\KERNEL32.DLL
0x00007fff4e7e0000 - 0x00007fff4eaba000 	C:\Windows\System32\KERNELBASE.dll
0x00007fff4fb70000 - 0x00007fff4fc1e000 	C:\Windows\System32\ADVAPI32.dll
0x00007fff50610000 - 0x00007fff506ae000 	C:\Windows\System32\msvcrt.dll
0x00007fff4edd0000 - 0x00007fff4ee6c000 	C:\Windows\System32\sechost.dll
0x00007fff50c00000 - 0x00007fff50d26000 	C:\Windows\System32\RPCRT4.dll
0x00007fff4ee70000 - 0x00007fff4f00d000 	C:\Windows\System32\USER32.dll
0x00007fff4e7b0000 - 0x00007fff4e7d2000 	C:\Windows\System32\win32u.dll
0x00007fff4fe30000 - 0x00007fff4fe5b000 	C:\Windows\System32\GDI32.dll
0x00007fff4eac0000 - 0x00007fff4ebd0000 	C:\Windows\System32\gdi32full.dll
0x00007fff4e710000 - 0x00007fff4e7ad000 	C:\Windows\System32\msvcp_win.dll
0x00007fff4ecd0000 - 0x00007fff4edd0000 	C:\Windows\System32\ucrtbase.dll
0x00007fff36700000 - 0x00007fff3699a000 	C:\Windows\WinSxS\amd64_microsoft.windows.common-controls_6595b64144ccf1df_6.0.19041.1110_none_60b5254171f9507e\COMCTL32.dll
0x00007fff4f100000 - 0x00007fff4f130000 	C:\Windows\System32\IMM32.DLL
0x00007fff447c0000 - 0x00007fff447d5000 	C:\Program Files\Java\jdk1.8.0_341\jre\bin\vcruntime140.dll
0x00007ffef7710000 - 0x00007ffef77ab000 	C:\Program Files\Java\jdk1.8.0_341\jre\bin\msvcp140.dll
0x0000000054a10000 - 0x0000000055271000 	C:\Program Files\Java\jdk1.8.0_341\jre\bin\server\jvm.dll
0x00007fff4f010000 - 0x00007fff4f018000 	C:\Windows\System32\PSAPI.DLL
0x00007fff3f700000 - 0x00007fff3f709000 	C:\Windows\SYSTEM32\WSOCK32.dll
0x00007fff505a0000 - 0x00007fff5060b000 	C:\Windows\System32\WS2_32.dll
0x00007fff3c400000 - 0x00007fff3c427000 	C:\Windows\SYSTEM32\WINMM.dll
0x00007fff491b0000 - 0x00007fff491ba000 	C:\Windows\SYSTEM32\VERSION.dll
0x00007fff4c360000 - 0x00007fff4c372000 	C:\Windows\SYSTEM32\kernel.appcore.dll
0x00007fff28e60000 - 0x00007fff28e70000 	C:\Program Files\Java\jdk1.8.0_341\jre\bin\verify.dll
0x00007fff01df0000 - 0x00007fff01e1b000 	C:\Program Files\Java\jdk1.8.0_341\jre\bin\java.dll
0x00007fff43fe0000 - 0x00007fff44016000 	C:\Program Files\Java\jdk1.8.0_341\jre\bin\jdwp.dll
0x00007fff4a110000 - 0x00007fff4a119000 	C:\Program Files\Java\jdk1.8.0_341\jre\bin\npt.dll
0x00007fff43fb0000 - 0x00007fff43fe0000 	C:\Program Files\Java\jdk1.8.0_341\jre\bin\instrument.dll
0x00007fff01830000 - 0x00007fff01848000 	C:\Program Files\Java\jdk1.8.0_341\jre\bin\zip.dll
0x00007fff4f420000 - 0x00007fff4fb64000 	C:\Windows\System32\SHELL32.dll
0x00007fff4c560000 - 0x00007fff4ccf3000 	C:\Windows\SYSTEM32\windows.storage.dll
0x00007fff4fe60000 - 0x00007fff501b4000 	C:\Windows\System32\combase.dll
0x00007fff4de00000 - 0x00007fff4de2e000 	C:\Windows\SYSTEM32\Wldp.dll
0x00007fff503b0000 - 0x00007fff5045d000 	C:\Windows\System32\SHCORE.dll
0x00007fff50b20000 - 0x00007fff50b75000 	C:\Windows\System32\shlwapi.dll
0x00007fff4e3c0000 - 0x00007fff4e3df000 	C:\Windows\SYSTEM32\profapi.dll
0x00007fff4a090000 - 0x00007fff4a09a000 	C:\Program Files\Java\jdk1.8.0_341\jre\bin\dt_socket.dll
0x00007fff4db60000 - 0x00007fff4dbca000 	C:\Windows\system32\mswsock.dll
0x00007fff49ed0000 - 0x00007fff49edd000 	C:\Program Files\Java\jdk1.8.0_341\jre\bin\management.dll
0x00007fff01810000 - 0x00007fff0182c000 	C:\Program Files\Java\jdk1.8.0_341\jre\bin\net.dll
0x00007fff38c50000 - 0x00007fff38c67000 	C:\Windows\system32\napinsp.dll
0x00007fff38c30000 - 0x00007fff38c4b000 	C:\Windows\system32\pnrpnsp.dll
0x00007fff38be0000 - 0x00007fff38bf5000 	C:\Windows\system32\wshbth.dll
0x00007fff49fd0000 - 0x00007fff49fed000 	C:\Windows\system32\NLAapi.dll
0x00007fff4d850000 - 0x00007fff4d88c000 	C:\Windows\SYSTEM32\IPHLPAPI.DLL
0x00007fff4d890000 - 0x00007fff4d95b000 	C:\Windows\SYSTEM32\DNSAPI.dll
0x00007fff50590000 - 0x00007fff50598000 	C:\Windows\System32\NSI.dll
0x00007fff38b60000 - 0x00007fff38b72000 	C:\Windows\System32\winrnr.dll
0x00007fff40f40000 - 0x00007fff40f4a000 	C:\Windows\System32\rasadhlp.dll
0x00007fff45ed0000 - 0x00007fff45f50000 	C:\Windows\System32\fwpuclnt.dll
0x00007fff4e580000 - 0x00007fff4e5a7000 	C:\Windows\System32\bcrypt.dll
0x00007fff017f0000 - 0x00007fff01803000 	C:\Program Files\Java\jdk1.8.0_341\jre\bin\nio.dll
0x00007fff3c6d0000 - 0x00007fff3c8b4000 	C:\Windows\SYSTEM32\dbghelp.dll
0x00007fff4e480000 - 0x00007fff4e502000 	C:\Windows\System32\bcryptPrimitives.dll

VM Arguments:
jvm_args: -agentlib:jdwp=transport=dt_socket,address=127.0.0.1:65164,suspend=y,server=n -javaagent:C:\Users\User\AppData\Local\JetBrains\IdeaIC2022.3\captureAgent\debugger-agent.jar -Dfile.encoding=UTF-8 
java_command: com.example.HomeToHomeSpring.HomeToHomeSpringApplication
java_class_path (initial): C:\Program Files\Java\jdk1.8.0_341\jre\lib\charsets.jar;C:\Program Files\Java\jdk1.8.0_341\jre\lib\deploy.jar;C:\Program Files\Java\jdk1.8.0_341\jre\lib\ext\access-bridge-64.jar;C:\Program Files\Java\jdk1.8.0_341\jre\lib\ext\cldrdata.jar;C:\Program Files\Java\jdk1.8.0_341\jre\lib\ext\dnsns.jar;C:\Program Files\Java\jdk1.8.0_341\jre\lib\ext\jaccess.jar;C:\Program Files\Java\jdk1.8.0_341\jre\lib\ext\jfxrt.jar;C:\Program Files\Java\jdk1.8.0_341\jre\lib\ext\localedata.jar;C:\Program Files\Java\jdk1.8.0_341\jre\lib\ext\nashorn.jar;C:\Program Files\Java\jdk1.8.0_341\jre\lib\ext\sunec.jar;C:\Program Files\Java\jdk1.8.0_341\jre\lib\ext\sunjce_provider.jar;C:\Program Files\Java\jdk1.8.0_341\jre\lib\ext\sunmscapi.jar;C:\Program Files\Java\jdk1.8.0_341\jre\lib\ext\sunpkcs11.jar;C:\Program Files\Java\jdk1.8.0_341\jre\lib\ext\zipfs.jar;C:\Program Files\Java\jdk1.8.0_341\jre\lib\javaws.jar;C:\Program Files\Java\jdk1.8.0_341\jre\lib\jce.jar;C:\Program Files\Java\jdk1.8.0_341\jre\lib\jfr.jar;C:\Program Files\Java\jdk1.8.0_341\jre\lib\jfxswt.jar;C:\Program Files\Java\jdk1.8.0_341\jre\lib\jsse.jar;C:\Program Files\Java\jdk1.8.0_341\jre\lib\management-agent.jar;C:\Program Files\Java\jdk1.8.0_341\jre\lib\plugin.jar;C:\Program Files\Java\jdk1.8.0_341\jre\lib\resources.jar;C:\Program Files\Java\jdk1.8.0_341\jre\lib\rt.jar;C:\Users\User\Desktop\ExamSpringProjects\HomeToHomeSpring\target\classes;C:\Users\User\.m2\repository\org\springframework\boot\spring-boot-starter-data-jpa\2.7.10\spring-boot-starter-data-jpa-2.7.10.jar;C:\Users\User\.m2\repository\org\springframework\boot\spring-boot-starter-aop\2.7.10\spring-boot-starter-aop-2.7.10.jar;C:\Users\User\.m2\repository\org\springframework\spring-aop\5.3.26\spring-aop-5.3.26.jar;C:\Users\User\.m2\repository\org\aspectj\aspectjweaver\1.9.7\aspectjweaver-1.9.7.jar;C:\Users\User\.m2\repository\org\springframework\boot\spring-boot-starter-jdbc\2.7.10\spring-boot-starter-jdbc-2.7.10.jar;C:\Users\User\.m2\repository\c
Launcher Type: SUN_STANDARD

Environment Variables:
PATH=C:\Program Files\Java\jdk1.8.0_341\bin;C:\Program Files\Git\cmd;C:\Program Files (x86)\Inno Setup 5;C:\Program Files\MySQL\MySQL Server 8.0\bin;C:\Program Files\nodejs\;C:\Program Files\Cloudflare\Cloudflare WARP\;C:\Program Files\MySQL\MySQL Shell 8.0\bin\;C:\Users\User\AppData\Local\Microsoft\WindowsApps;C:\Users\User\AppData\Local\Programs\Microsoft VS Code\bin;C:\Users\User\AppData\Local\GitHubDesktop\bin;C:\MinGW\bin;C:\MinGW\msys\1.0\bin;C:\Windows\System32;C:\Windows\SysWOW64\wbem;C:\Program Files (x86)\Inno Setup 5;C:\Users\User\AppData\Roaming\npm;C:\Program Files\JetBrains\IntelliJ IDEA Community Edition 2022.3.2\bin;
USERNAME=sajeeb
OS=Windows_NT
PROCESSOR_IDENTIFIER=Intel64 Family 6 Model 158 Stepping 10, GenuineIntel



---------------  S Y S T E M  ---------------

OS: Windows 10 , 64 bit Build 19041 (10.0.19041.2788)

CPU:total 6 (initial active 6) (6 cores per cpu, 1 threads per core) family 6 model 158 stepping 10, cmov, cx8, fxsr, mmx, sse, sse2, sse3, ssse3, sse4.1, sse4.2, popcnt, avx, avx2, aes, clmul, erms, 3dnowpref, lzcnt, tsc, tscinvbit, bmi1, bmi2, adx

Memory: 4k page, physical 8259604k(517932k free), swap 12453908k(6752k free)

vm_info: Java HotSpot(TM) 64-Bit Server VM (25.341-b10) for windows-amd64 JRE (1.8.0_341-b10), built on Jun 16 2022 15:51:07 by "java_re" with MS VC++ 15.9 (VS2017)

time: Fri May 12 20:00:35 2023
timezone: Bangladesh Standard Time
elapsed time: 3.677312 seconds (0d 0h 0m 3s)

